<?xml version="1.0" encoding="UTF-8"?>
<!-- Generated by org.testng.reporters.JUnitReportReporter -->
<testsuite hostname="DESKTOP-K9BI7PT" failures="0" tests="1" name="qaclickacademy.MavenJava.SeleniumTest" time="0.005" errors="0" timestamp="2022-01-20T12:01:26 IST" skipped="0">
  <testcase classname="qaclickacademy.MavenJava.SeleniumTest" name="BrowserAuto" time="0.005"/>
  <system-out/>
</testsuite> <!-- qaclickacademy.MavenJava.SeleniumTest -->
