<?xml version="1.0" encoding="UTF-8"?>
<!-- Generated by org.testng.reporters.JUnitReportReporter -->
<testsuite hostname="DESKTOP-K9BI7PT" failures="0" tests="2" name="qaclickacademy.MavenJava.SeleniumTest" time="0.002" errors="0" timestamp="2022-01-21T10:29:03 IST" skipped="0">
  <testcase classname="qaclickacademy.MavenJava.SeleniumTest" name="ElementsUI" time="0.000"/>
  <system-out/>
  <testcase classname="qaclickacademy.MavenJava.SeleniumTest" name="BrowserAuto" time="0.002"/>
  <system-out/>
</testsuite> <!-- qaclickacademy.MavenJava.SeleniumTest -->
